# JRE version: Java(TM) SE Runtime Environment (8.0_202-b08) (build 1.8.0_202-b08)
# Java VM: Java HotSpot(TM) 64-Bit Server VM (25.202-b08 mixed mode windows-amd64 compressed oops)
Heap:
 PSYoungGen      total 375808K, used 4838K [0x000000076c500000, 0x0000000784e80000, 0x00000007c0000000)
  eden space 348672K, 1% used [0x000000076c500000,0x000000076c9b9b18,0x0000000781980000)
  from space 27136K, 0% used [0x0000000781980000,0x0000000781980000,0x0000000783400000)
  to   space 24064K, 0% used [0x0000000783480000,0x0000000783480000,0x0000000784c00000)
 ParOldGen       total 247808K, used 33039K [0x00000006c4e00000, 0x00000006d4000000, 0x000000076c500000)
  object space 247808K, 13% used [0x00000006c4e00000,0x00000006c6e43cc8,0x00000006d4000000)
 Metaspace       used 62721K, capacity 65336K, committed 66432K, reserved 1110016K
  class space    used 8944K, capacity 9407K, committed 9600K, reserved 1048576K
GC Heap History (10 events):
Event: 55.210 GC heap before
{Heap before GC invocations=17 (full 4):
 PSYoungGen      total 375808K, used 9406K [0x000000076c500000, 0x0000000784e80000, 0x00000007c0000000)
  eden space 348672K, 0% used [0x000000076c500000,0x000000076c500000,0x0000000781980000)
  from space 27136K, 34% used [0x0000000781980000,0x00000007822af858,0x0000000783400000)
  to   space 24064K, 0% used [0x0000000783480000,0x0000000783480000,0x0000000784c00000)
 ParOldGen       total 247808K, used 51423K [0x00000006c4e00000, 0x00000006d4000000, 0x000000076c500000)
  object space 247808K, 20% used [0x00000006c4e00000,0x00000006c8037ce0,0x00000006d4000000)
 Metaspace       used 63153K, capacity 66048K, committed 66176K, reserved 1110016K
  class space    used 9014K, capacity 9541K, committed 9600K, reserved 1048576K
Event: 55.381 GC heap after
Heap after GC invocations=17 (full 4):
 PSYoungGen      total 375808K, used 0K [0x000000076c500000, 0x0000000784e80000, 0x00000007c0000000)
  eden space 348672K, 0% used [0x000000076c500000,0x000000076c500000,0x0000000781980000)
  from space 27136K, 0% used [0x0000000781980000,0x0000000781980000,0x0000000783400000)
  to   space 24064K, 0% used [0x0000000783480000,0x0000000783480000,0x0000000784c00000)
 ParOldGen       total 247808K, used 43598K [0x00000006c4e00000, 0x00000006d4000000, 0x000000076c500000)
  object space 247808K, 17% used [0x00000006c4e00000,0x00000006c78939a8,0x00000006d4000000)
 Metaspace       used 63153K, capacity 66048K, committed 66176K, reserved 1107968K
  class space    used 9014K, capacity 9541K, committed 9600K, reserved 1048576K
}
Event: 55.390 GC heap before
{Heap before GC invocations=18 (full 4):
 PSYoungGen      total 375808K, used 8367K [0x000000076c500000, 0x0000000784e80000, 0x00000007c0000000)
  eden space 348672K, 2% used [0x000000076c500000,0x000000076cd2bcd0,0x0000000781980000)
  from space 27136K, 0% used [0x0000000781980000,0x0000000781980000,0x0000000783400000)
  to   space 24064K, 0% used [0x0000000783480000,0x0000000783480000,0x0000000784c00000)
 ParOldGen       total 247808K, used 43598K [0x00000006c4e00000, 0x00000006d4000000, 0x000000076c500000)
  object space 247808K, 17% used [0x00000006c4e00000,0x00000006c78939a8,0x00000006d4000000)
 Metaspace       used 63154K, capacity 66048K, committed 66176K, reserved 1112064K
  class space    used 9014K, capacity 9541K, committed 9600K, reserved 1048576K
Event: 55.393 GC heap after
Heap after GC invocations=18 (full 4):
 PSYoungGen      total 372736K, used 192K [0x000000076c500000, 0x0000000784e80000, 0x00000007c0000000)
  eden space 348672K, 0% used [0x000000076c500000,0x000000076c500000,0x0000000781980000)
  from space 24064K, 0% used [0x0000000783480000,0x00000007834b0000,0x0000000784c00000)
  to   space 27136K, 0% used [0x0000000781980000,0x0000000781980000,0x0000000783400000)
 ParOldGen       total 247808K, used 43606K [0x00000006c4e00000, 0x00000006d4000000, 0x000000076c500000)
  object space 247808K, 17% used [0x00000006c4e00000,0x00000006c78959a8,0x00000006d4000000)
 Metaspace       used 63154K, capacity 66048K, committed 66176K, reserved 1112064K
  class space    used 9014K, capacity 9541K, committed 9600K, reserved 1048576K
}
Event: 55.393 GC heap before
{Heap before GC invocations=19 (full 5):
 PSYoungGen      total 372736K, used 192K [0x000000076c500000, 0x0000000784e80000, 0x00000007c0000000)
  eden space 348672K, 0% used [0x000000076c500000,0x000000076c500000,0x0000000781980000)
  from space 24064K, 0% used [0x0000000783480000,0x00000007834b0000,0x0000000784c00000)
  to   space 27136K, 0% used [0x0000000781980000,0x0000000781980000,0x0000000783400000)
 ParOldGen       total 247808K, used 43606K [0x00000006c4e00000, 0x00000006d4000000, 0x000000076c500000)
  object space 247808K, 17% used [0x00000006c4e00000,0x00000006c78959a8,0x00000006d4000000)
 Metaspace       used 63154K, capacity 66048K, committed 66176K, reserved 1112064K
  class space    used 9014K, capacity 9541K, committed 9600K, reserved 1048576K
Event: 55.468 GC heap after
Heap after GC invocations=19 (full 5):
 PSYoungGen      total 372736K, used 0K [0x000000076c500000, 0x0000000784e80000, 0x00000007c0000000)
  eden space 348672K, 0% used [0x000000076c500000,0x000000076c500000,0x0000000781980000)
  from space 24064K, 0% used [0x0000000783480000,0x0000000783480000,0x0000000784c00000)
  to   space 27136K, 0% used [0x0000000781980000,0x0000000781980000,0x0000000783400000)
 ParOldGen       total 247808K, used 38405K [0x00000006c4e00000, 0x00000006d4000000, 0x000000076c500000)
  object space 247808K, 15% used [0x00000006c4e00000,0x00000006c7381500,0x00000006d4000000)
 Metaspace       used 63154K, capacity 66048K, committed 66176K, reserved 1107968K
  class space    used 9014K, capacity 9541K, committed 9600K, reserved 1048576K
}
Event: 55.468 GC heap before
{Heap before GC invocations=20 (full 5):
 PSYoungGen      total 372736K, used 0K [0x000000076c500000, 0x0000000784e80000, 0x00000007c0000000)
  eden space 348672K, 0% used [0x000000076c500000,0x000000076c500000,0x0000000781980000)
  from space 24064K, 0% used [0x0000000783480000,0x0000000783480000,0x0000000784c00000)
  to   space 27136K, 0% used [0x0000000781980000,0x0000000781980000,0x0000000783400000)
 ParOldGen       total 247808K, used 38405K [0x00000006c4e00000, 0x00000006d4000000, 0x000000076c500000)
  object space 247808K, 15% used [0x00000006c4e00000,0x00000006c7381500,0x00000006d4000000)
 Metaspace       used 63154K, capacity 66048K, committed 66176K, reserved 1112064K
  class space    used 9014K, capacity 9541K, committed 9600K, reserved 1048576K
Event: 55.471 GC heap after
Heap after GC invocations=20 (full 5):
 PSYoungGen      total 375808K, used 0K [0x000000076c500000, 0x0000000784e80000, 0x00000007c0000000)
  eden space 348672K, 0% used [0x000000076c500000,0x000000076c500000,0x0000000781980000)
  from space 27136K, 0% used [0x0000000781980000,0x0000000781980000,0x0000000783400000)
  to   space 24064K, 0% used [0x0000000783480000,0x0000000783480000,0x0000000784c00000)
 ParOldGen       total 247808K, used 38405K [0x00000006c4e00000, 0x00000006d4000000, 0x000000076c500000)
  object space 247808K, 15% used [0x00000006c4e00000,0x00000006c7381500,0x00000006d4000000)
 Metaspace       used 63154K, capacity 66048K, committed 66176K, reserved 1112064K
  class space    used 9014K, capacity 9541K, committed 9600K, reserved 1048576K
}
Event: 55.471 GC heap before
{Heap before GC invocations=21 (full 6):
 PSYoungGen      total 375808K, used 0K [0x000000076c500000, 0x0000000784e80000, 0x00000007c0000000)
  eden space 348672K, 0% used [0x000000076c500000,0x000000076c500000,0x0000000781980000)
  from space 27136K, 0% used [0x0000000781980000,0x0000000781980000,0x0000000783400000)
  to   space 24064K, 0% used [0x0000000783480000,0x0000000783480000,0x0000000784c00000)
 ParOldGen       total 247808K, used 38405K [0x00000006c4e00000, 0x00000006d4000000, 0x000000076c500000)
  object space 247808K, 15% used [0x00000006c4e00000,0x00000006c7381500,0x00000006d4000000)
 Metaspace       used 63154K, capacity 66048K, committed 66176K, reserved 1112064K
  class space    used 9014K, capacity 9541K, committed 9600K, reserved 1048576K
Event: 55.678 GC heap after
Heap after GC invocations=21 (full 6):
 PSYoungGen      total 375808K, used 0K [0x000000076c500000, 0x0000000784e80000, 0x00000007c0000000)
  eden space 348672K, 0% used [0x000000076c500000,0x000000076c500000,0x0000000781980000)
  from space 27136K, 0% used [0x0000000781980000,0x0000000781980000,0x0000000783400000)
  to   space 24064K, 0% used [0x0000000783480000,0x0000000783480000,0x0000000784c00000)
 ParOldGen       total 247808K, used 33039K [0x00000006c4e00000, 0x00000006d4000000, 0x000000076c500000)
  object space 247808K, 13% used [0x00000006c4e00000,0x00000006c6e43cc8,0x00000006d4000000)
 Metaspace       used 62670K, capacity 65272K, committed 66176K, reserved 1107968K
  class space    used 8940K, capacity 9407K, committed 9600K, reserved 1048576K
}

